0 info it worked if it ends with ok
1 verbose cli [ '/usr/local/bin/node',
1 verbose cli   '/usr/local/bin/npm',
1 verbose cli   'run',
1 verbose cli   'server:bs' ]
2 info using npm@3.10.9
3 info using node@v6.9.2
4 verbose run-script [ 'preserver:bs', 'server:bs', 'postserver:bs' ]
5 info lifecycle hugo-theme-foundation6-blog@1.0.0~preserver:bs: hugo-theme-foundation6-blog@1.0.0
6 silly lifecycle hugo-theme-foundation6-blog@1.0.0~preserver:bs: no script for preserver:bs, continuing
7 info lifecycle hugo-theme-foundation6-blog@1.0.0~server:bs: hugo-theme-foundation6-blog@1.0.0
8 verbose lifecycle hugo-theme-foundation6-blog@1.0.0~server:bs: unsafe-perm in lifecycle true
9 verbose lifecycle hugo-theme-foundation6-blog@1.0.0~server:bs: PATH: /usr/local/lib/node_modules/npm/bin/node-gyp-bin:/Users/sysuser/Google Drive/Portfolio/public/code/htko/htko-release/gulp/node_modules/.bin:/usr/local/bin:/usr/bin:/bin:/usr/sbin:/sbin
10 verbose lifecycle hugo-theme-foundation6-blog@1.0.0~server:bs: CWD: /Users/sysuser/Google Drive/Portfolio/public/code/htko/htko-release/gulp
11 silly lifecycle hugo-theme-foundation6-blog@1.0.0~server:bs: Args: [ '-c', 'gulp server:bs' ]
12 silly lifecycle hugo-theme-foundation6-blog@1.0.0~server:bs: Returned: code: 1  signal: null
13 info lifecycle hugo-theme-foundation6-blog@1.0.0~server:bs: Failed to exec server:bs script
14 verbose stack Error: hugo-theme-foundation6-blog@1.0.0 server:bs: `gulp server:bs`
14 verbose stack Exit status 1
14 verbose stack     at EventEmitter.<anonymous> (/usr/local/lib/node_modules/npm/lib/utils/lifecycle.js:255:16)
14 verbose stack     at emitTwo (events.js:106:13)
14 verbose stack     at EventEmitter.emit (events.js:191:7)
14 verbose stack     at ChildProcess.<anonymous> (/usr/local/lib/node_modules/npm/lib/utils/spawn.js:40:14)
14 verbose stack     at emitTwo (events.js:106:13)
14 verbose stack     at ChildProcess.emit (events.js:191:7)
14 verbose stack     at maybeClose (internal/child_process.js:877:16)
14 verbose stack     at Process.ChildProcess._handle.onexit (internal/child_process.js:226:5)
15 verbose pkgid hugo-theme-foundation6-blog@1.0.0
16 verbose cwd /Users/sysuser/Google Drive/Portfolio/public/code/htko/htko-release/gulp
17 error Darwin 16.1.0
18 error argv "/usr/local/bin/node" "/usr/local/bin/npm" "run" "server:bs"
19 error node v6.9.2
20 error npm  v3.10.9
21 error code ELIFECYCLE
22 error hugo-theme-foundation6-blog@1.0.0 server:bs: `gulp server:bs`
22 error Exit status 1
23 error Failed at the hugo-theme-foundation6-blog@1.0.0 server:bs script 'gulp server:bs'.
23 error Make sure you have the latest version of node.js and npm installed.
23 error If you do, this is most likely a problem with the hugo-theme-foundation6-blog package,
23 error not with npm itself.
23 error Tell the author that this fails on your system:
23 error     gulp server:bs
23 error You can get information on how to open an issue for this project with:
23 error     npm bugs hugo-theme-foundation6-blog
23 error Or if that isn't available, you can get their info via:
23 error     npm owner ls hugo-theme-foundation6-blog
23 error There is likely additional logging output above.
24 verbose exit [ 1, true ]
